<?xml version="1.0" encoding="utf-8"?>
<TestRun id="e24b50cf-8c83-4887-960d-3f5ca9b40869" name="Vruck@PIKASSAURO 2026-01-19 21:04:39" runUser="Pikassauro\Vruck" xmlns="http://microsoft.com/schemas/VisualStudio/TeamTest/2010">
  <Times creation="2026-01-19T21:04:39.9101518-03:00" queuing="2026-01-19T21:04:39.9101520-03:00" start="2026-01-19T21:04:38.9157183-03:00" finish="2026-01-19T21:04:39.9407755-03:00" />
  <TestSettings name="default" id="86441b8e-439e-4fd0-a45e-7eaa67dc57a2">
    <Deployment runDeploymentRoot="Vruck_PIKASSAURO_2026-01-19_21_04_39" />
  </TestSettings>
  <Results>
    <UnitTestResult executionId="5c22930a-cce1-4853-8e37-efa7532661c5" testId="bffb265d-d04a-76fd-29ef-631b1b37fa6d" testName="Aplicacao.Tests.AlocacaoServicoTests.AlocarAutomaticamenteAsync_DistribuiPorRodizio" computerName="PIKASSAURO" duration="00:00:00.1570101" startTime="2026-01-19T21:04:39.8151142-03:00" endTime="2026-01-19T21:04:39.8151144-03:00" testType="13cdc9d9-ddb5-4fa4-a97d-d965ccfc6d4b" outcome="Failed" testListId="8c84fa94-04c1-424b-9868-57a2d4851a1d" relativeResultsDirectory="5c22930a-cce1-4853-8e37-efa7532661c5">
      <Output>
        <ErrorInfo>
          <Message>Expected resultado.Select(alocacao =&gt; alocacao.NumeroCadeira) {2, 1, 1} to contain items {1, 2, 1} in order, but 2 (index 1) did not appear (in the right order).</Message>
          <StackTrace>   at FluentAssertions.Execution.XUnit2TestFramework.Throw(String message)&#xD;
   at FluentAssertions.Execution.TestFrameworkProvider.Throw(String message)&#xD;
   at FluentAssertions.Execution.DefaultAssertionStrategy.HandleFailure(String message)&#xD;
   at FluentAssertions.Execution.AssertionScope.FailWith(Func`1 failReasonFunc)&#xD;
   at FluentAssertions.Execution.AssertionScope.FailWith(Func`1 failReasonFunc)&#xD;
   at FluentAssertions.Execution.AssertionScope.FailWith(String message, Object[] args)&#xD;
   at FluentAssertions.Collections.GenericCollectionAssertions`3.ContainInOrder(IEnumerable`1 expected, String because, Object[] becauseArgs)&#xD;
   at FluentAssertions.Collections.GenericCollectionAssertions`3.ContainInOrder(T[] expected)&#xD;
   at Aplicacao.Tests.AlocacaoServicoTests.AlocarAutomaticamenteAsync_DistribuiPorRodizio() in C:\Users\Vruck\source\repos\Gabrielvruck\alocacao-cadeiras-odontologia\tests\Aplicacao.Tests\AlocacaoServicoTests.cs:line 45&#xD;
--- End of stack trace from previous location ---</StackTrace>
        </ErrorInfo>
      </Output>
    </UnitTestResult>
    <UnitTestResult executionId="42620c47-a724-4b4a-9f4e-232572d3cfc1" testId="005e7583-5ebd-7a95-8693-21529f99c140" testName="Aplicacao.Tests.AlocacaoServicoTests.AlocarAutomaticamenteAsync_RetornaListaVazia_QuandoNaoHaCadeiras" computerName="PIKASSAURO" duration="00:00:00.3482737" startTime="2026-01-19T21:04:39.6536278-03:00" endTime="2026-01-19T21:04:39.6536407-03:00" testType="13cdc9d9-ddb5-4fa4-a97d-d965ccfc6d4b" outcome="Passed" testListId="8c84fa94-04c1-424b-9868-57a2d4851a1d" relativeResultsDirectory="42620c47-a724-4b4a-9f4e-232572d3cfc1" />
  </Results>
  <TestDefinitions>
    <UnitTest name="Aplicacao.Tests.AlocacaoServicoTests.AlocarAutomaticamenteAsync_DistribuiPorRodizio" storage="c:\users\vruck\source\repos\gabrielvruck\alocacao-cadeiras-odontologia\tests\aplicacao.tests\bin\debug\net8.0\aplicacao.tests.dll" id="bffb265d-d04a-76fd-29ef-631b1b37fa6d">
      <Execution id="5c22930a-cce1-4853-8e37-efa7532661c5" />
      <TestMethod codeBase="C:\Users\Vruck\source\repos\Gabrielvruck\alocacao-cadeiras-odontologia\tests\Aplicacao.Tests\bin\Debug\net8.0\Aplicacao.Tests.dll" adapterTypeName="executor://xunit/VsTestRunner2/netcoreapp" className="Aplicacao.Tests.AlocacaoServicoTests" name="AlocarAutomaticamenteAsync_DistribuiPorRodizio" />
    </UnitTest>
    <UnitTest name="Aplicacao.Tests.AlocacaoServicoTests.AlocarAutomaticamenteAsync_RetornaListaVazia_QuandoNaoHaCadeiras" storage="c:\users\vruck\source\repos\gabrielvruck\alocacao-cadeiras-odontologia\tests\aplicacao.tests\bin\debug\net8.0\aplicacao.tests.dll" id="005e7583-5ebd-7a95-8693-21529f99c140">
      <Execution id="42620c47-a724-4b4a-9f4e-232572d3cfc1" />
      <TestMethod codeBase="C:\Users\Vruck\source\repos\Gabrielvruck\alocacao-cadeiras-odontologia\tests\Aplicacao.Tests\bin\Debug\net8.0\Aplicacao.Tests.dll" adapterTypeName="executor://xunit/VsTestRunner2/netcoreapp" className="Aplicacao.Tests.AlocacaoServicoTests" name="AlocarAutomaticamenteAsync_RetornaListaVazia_QuandoNaoHaCadeiras" />
    </UnitTest>
  </TestDefinitions>
  <TestEntries>
    <TestEntry testId="bffb265d-d04a-76fd-29ef-631b1b37fa6d" executionId="5c22930a-cce1-4853-8e37-efa7532661c5" testListId="8c84fa94-04c1-424b-9868-57a2d4851a1d" />
    <TestEntry testId="005e7583-5ebd-7a95-8693-21529f99c140" executionId="42620c47-a724-4b4a-9f4e-232572d3cfc1" testListId="8c84fa94-04c1-424b-9868-57a2d4851a1d" />
  </TestEntries>
  <TestLists>
    <TestList name="Resultados que não estão em uma lista" id="8c84fa94-04c1-424b-9868-57a2d4851a1d" />
    <TestList name="Todos os resultados carregados" id="19431567-8539-422a-85d7-44ee4e166bda" />
  </TestLists>
  <ResultSummary outcome="Failed">
    <Counters total="2" executed="2" passed="1" failed="1" error="0" timeout="0" aborted="0" inconclusive="0" passedButRunAborted="0" notRunnable="0" notExecuted="0" disconnected="0" warning="0" completed="0" inProgress="0" pending="0" />
    <Output>
      <StdOut>[xUnit.net 00:00:00.00] xUnit.net VSTest Adapter v2.8.1+ce9211e970 (64-bit .NET 8.0.23)&#xD;
[xUnit.net 00:00:00.05]   Discovering: Aplicacao.Tests&#xD;
[xUnit.net 00:00:00.07]   Discovered:  Aplicacao.Tests&#xD;
[xUnit.net 00:00:00.07]   Starting:    Aplicacao.Tests&#xD;
[xUnit.net 00:00:00.61]       Expected resultado.Select(alocacao =&gt; alocacao.NumeroCadeira) {2, 1, 1} to contain items {1, 2, 1} in order, but 2 (index 1) did not appear (in the right order).&#xD;
[xUnit.net 00:00:00.61]       Stack Trace:&#xD;
[xUnit.net 00:00:00.61]            at FluentAssertions.Execution.XUnit2TestFramework.Throw(String message)&#xD;
[xUnit.net 00:00:00.61]            at FluentAssertions.Execution.TestFrameworkProvider.Throw(String message)&#xD;
[xUnit.net 00:00:00.61]            at FluentAssertions.Execution.DefaultAssertionStrategy.HandleFailure(String message)&#xD;
[xUnit.net 00:00:00.61]            at FluentAssertions.Execution.AssertionScope.FailWith(Func`1 failReasonFunc)&#xD;
[xUnit.net 00:00:00.61]            at FluentAssertions.Execution.AssertionScope.FailWith(Func`1 failReasonFunc)&#xD;
[xUnit.net 00:00:00.61]            at FluentAssertions.Execution.AssertionScope.FailWith(String message, Object[] args)&#xD;
[xUnit.net 00:00:00.61]            at FluentAssertions.Collections.GenericCollectionAssertions`3.ContainInOrder(IEnumerable`1 expected, String because, Object[] becauseArgs)&#xD;
[xUnit.net 00:00:00.61]            at FluentAssertions.Collections.GenericCollectionAssertions`3.ContainInOrder(T[] expected)&#xD;
[xUnit.net 00:00:00.61]         C:\Users\Vruck\source\repos\Gabrielvruck\alocacao-cadeiras-odontologia\tests\Aplicacao.Tests\AlocacaoServicoTests.cs(45,0): at Aplicacao.Tests.AlocacaoServicoTests.AlocarAutomaticamenteAsync_DistribuiPorRodizio()&#xD;
[xUnit.net 00:00:00.61]         --- End of stack trace from previous location ---&#xD;
[xUnit.net 00:00:00.61]   Finished:    Aplicacao.Tests&#xD;
</StdOut>
    </Output>
    <RunInfos>
      <RunInfo computerName="PIKASSAURO" outcome="Error" timestamp="2026-01-19T21:04:39.8135395-03:00">
        <Text>[xUnit.net 00:00:00.61]     Aplicacao.Tests.AlocacaoServicoTests.AlocarAutomaticamenteAsync_DistribuiPorRodizio [FAIL]</Text>
      </RunInfo>
    </RunInfos>
  </ResultSummary>
</TestRun>